<?xml version="1.0" encoding="UTF-8" ?>
<testsuites>
  <testsuite errors="0" failures="0" hostname="DAWNMEMPC" id="0" name="testJunit" package="com.junit.test" skipped="0" tests="5" time="0.104" timestamp="2023-04-02T18:55:36">
      <properties>
[...]
</properties>

      <testcase classname="com.junit.test.testJunit" name="shouldAnswerWithTrue" time="0.005" />

      <testcase classname="com.junit.test.testJunit" name="testCrsort" time="0.004" />

      <testcase classname="com.junit.test.testJunit" name="testGbsort" time="0.001" />

      <testcase classname="com.junit.test.testJunit" name="testKssort" time="0.001" />

      <testcase classname="com.junit.test.testJunit" name="testXesort" time="0.0" />

      <system-out><![CDATA[]]></system-out>

      <system-err><![CDATA[]]></system-err>

  </testsuite>
</testsuites>
